<?xml version="1.0" encoding="UTF-8"?>
<!-- Generated by org.testng.reporters.JUnitReportReporter -->
<testsuite skipped="0" hostname="Jeyakanths-MacBook-Air.local" name="TestCases.TC001_login" tests="1" failures="0" timestamp="2021-10-17T09:44:13 EDT" time="4.350" errors="0">
  <testcase name="login" time="4.350" classname="TestCases.TC001_login"/>
  <system-out/>
</testsuite> <!-- TestCases.TC001_login -->
